mode: set
ocean/mongo/mongo.go:29.62,32.19 3 0
ocean/mongo/mongo.go:35.2,35.18 1 0
ocean/mongo/mongo.go:32.19,34.3 1 0
ocean/mongo/mongo.go:38.68,44.19 4 0
ocean/mongo/mongo.go:48.2,48.32 1 0
ocean/mongo/mongo.go:44.19,47.3 2 0
ocean/mongo/mongo.go:48.32,51.3 2 0
ocean/mongo/mongo.go:51.3,53.3 1 0
ocean/mongo/mongo.go:56.84,59.19 3 0
ocean/mongo/mongo.go:63.2,63.32 1 0
ocean/mongo/mongo.go:59.19,62.3 2 0
ocean/mongo/mongo.go:63.32,66.3 2 0
ocean/mongo/mongo.go:66.3,66.17 1 0
ocean/mongo/mongo.go:66.17,68.3 1 0
ocean/mongo/mongo.go:68.3,70.3 1 0
ocean/mongo/mongo.go:73.52,76.19 3 0
ocean/mongo/mongo.go:79.2,79.22 1 0
ocean/mongo/mongo.go:76.19,78.3 1 0
ocean/mongo/mongo.go:82.41,85.27 3 0
ocean/mongo/mongo.go:85.27,87.3 1 0
ocean/mongo/mongo.go:90.41,93.18 3 0
ocean/mongo/mongo.go:93.18,94.28 1 0
ocean/mongo/mongo.go:97.3,97.21 1 0
ocean/mongo/mongo.go:94.28,96.4 1 0
ocean/mongo/mongo.go:101.75,102.55 1 0
ocean/mongo/mongo.go:105.2,106.75 2 0
ocean/mongo/mongo.go:102.55,104.3 1 0
ocean/mongo/mongo.go:110.17,112.2 1 0
ocean/mongo/mongo.go:115.17,118.2 2 0
ocean/mongo/mongo.go:120.60,121.72 1 0
ocean/mongo/mongo.go:121.72,123.3 1 0
ocean/mongo/mongo.go:123.3,125.3 1 0
ocean/mongo/mongo.go:128.59,129.61 1 0
ocean/mongo/mongo.go:129.61,131.3 1 0
ocean/mongo/mongo.go:131.3,133.3 1 0
ocean/mongo/mongo.go:136.58,138.16 2 0
ocean/mongo/mongo.go:141.2,142.15 2 0
ocean/mongo/mongo.go:146.2,146.12 1 0
ocean/mongo/mongo.go:138.16,140.3 1 0
ocean/mongo/mongo.go:142.15,145.3 2 0
ocean/mongo/mongo.go:149.97,158.16 3 0
ocean/mongo/mongo.go:162.2,170.12 4 0
ocean/mongo/mongo.go:158.16,161.3 2 0
ocean/mongo/orm.go:5.20,7.2 1 0
ocean/mongo/orm.go:9.43,17.2 3 0
ocean/mongo/pipeline.go:18.82,19.24 1 0
ocean/mongo/pipeline.go:26.2,28.10 3 0
ocean/mongo/pipeline.go:19.24,20.38 1 0
ocean/mongo/pipeline.go:20.38,21.17 1 0
ocean/mongo/pipeline.go:21.17,23.5 1 0
ocean/mongo/pipeline.go:31.50,32.37 1 0
ocean/mongo/pipeline.go:35.2,36.27 2 0
ocean/mongo/pipeline.go:32.37,34.3 1 0
ocean/mongo/pipeline.go:39.50,40.37 1 0
ocean/mongo/pipeline.go:43.2,44.27 2 0
ocean/mongo/pipeline.go:40.37,42.3 1 0
ocean/mongo/pipeline.go:47.41,50.37 3 0
ocean/mongo/pipeline.go:53.2,57.45 3 0
ocean/mongo/pipeline.go:60.2,60.27 1 0
ocean/mongo/pipeline.go:50.37,52.3 1 0
ocean/mongo/pipeline.go:57.45,59.3 1 0
ocean/mongo/pipeline.go:63.43,66.2 2 0
ocean/mongo/pipeline.go:68.44,71.2 2 0
ocean/mongo/pipeline.go:73.55,74.17 1 0
ocean/mongo/pipeline.go:77.2,77.25 1 0
ocean/mongo/pipeline.go:83.2,83.44 1 0
ocean/mongo/pipeline.go:90.2,90.37 1 0
ocean/mongo/pipeline.go:93.2,94.71 2 0
ocean/mongo/pipeline.go:74.17,76.3 1 0
ocean/mongo/pipeline.go:77.25,80.3 1 0
ocean/mongo/pipeline.go:83.44,85.3 1 0
ocean/mongo/pipeline.go:85.3,87.3 1 0
ocean/mongo/pipeline.go:90.37,92.3 1 0
ocean/mongo/pipeline.go:97.44,99.16 2 0
ocean/mongo/pipeline.go:102.2,102.23 1 0
ocean/mongo/pipeline.go:99.16,101.3 1 0
ocean/mongo/pipeline.go:105.62,107.31 2 0
ocean/mongo/pipeline.go:110.2,110.33 1 0
ocean/mongo/pipeline.go:115.2,115.27 1 0
ocean/mongo/pipeline.go:107.31,109.3 1 0
ocean/mongo/pipeline.go:110.33,111.27 1 0
ocean/mongo/pipeline.go:111.27,113.4 1 0
ocean/mongo/pipeline.go:118.91,119.76 1 0
ocean/mongo/pipeline.go:123.2,131.10 3 0
ocean/mongo/pipeline.go:119.76,121.3 1 0
ocean/mongo/pipeline.go:134.37,136.16 2 0
ocean/mongo/pipeline.go:139.2,142.12 4 0
ocean/mongo/pipeline.go:136.16,138.3 1 0
ocean/mongo/pipeline.go:145.44,148.16 3 0
ocean/mongo/pipeline.go:151.2,156.42 4 0
ocean/mongo/pipeline.go:148.16,150.3 1 0
ocean/mongo/pipeline.go:156.42,158.3 1 0
ocean/mongo/pipeline.go:158.3,160.3 1 0
ocean/mongo/common_handler.go:10.70,15.27 2 0
ocean/mongo/common_handler.go:24.2,24.38 1 0
ocean/mongo/common_handler.go:15.27,17.22 2 0
ocean/mongo/common_handler.go:21.3,22.18 2 0
ocean/mongo/common_handler.go:17.22,20.4 2 0
ocean/mongo/map.go:28.66,31.2 2 0
ocean/mongo/map.go:34.81,37.2 2 0
ocean/mongo/map.go:53.74,54.24 1 0
ocean/mongo/map.go:59.2,59.10 1 0
ocean/mongo/map.go:54.24,56.3 1 0
ocean/mongo/map.go:56.3,58.3 1 0
ocean/mongo/map.go:63.89,64.11 1 0
ocean/mongo/map.go:67.2,67.38 1 0
ocean/mongo/map.go:64.11,66.3 1 0
ocean/mongo/map.go:74.52,75.27 1 0
ocean/mongo/map.go:75.27,76.55 1 0
ocean/mongo/map.go:76.55,77.58 1 0
ocean/mongo/map.go:77.58,79.5 1 0
ocean/mongo/map.go:80.4,81.58 1 0
ocean/mongo/map.go:81.58,84.5 2 0
ocean/mongo/map.go:84.5,87.5 1 0
ocean/mongo/map.go:89.3,90.56 1 0
ocean/mongo/map.go:90.56,92.4 1 0
ocean/mongo/map.go:92.4,94.4 1 0
ocean/mongo/map.go:98.32,101.16 2 0
ocean/mongo/map.go:104.2,104.23 1 0
ocean/mongo/map.go:101.16,103.3 1 0
ocean/mongo/map.go:115.35,116.25 1 0
ocean/mongo/map.go:119.2,119.11 1 0
ocean/mongo/map.go:116.25,118.3 1 0
ocean/mongo/map.go:122.67,123.27 1 0
ocean/mongo/map.go:123.27,124.55 1 0
ocean/mongo/map.go:124.55,125.58 1 0
ocean/mongo/map.go:125.58,127.5 1 0
ocean/mongo/map.go:128.4,130.4 1 0
ocean/mongo/map.go:131.3,133.3 1 0
ocean/mongo/map.go:136.78,137.27 1 0
ocean/mongo/map.go:137.27,138.42 1 0
ocean/mongo/map.go:138.42,141.4 2 0
ocean/mongo/map.go:141.4,141.62 1 0
ocean/mongo/map.go:141.62,142.59 1 0
ocean/mongo/map.go:142.59,144.5 1 0
ocean/mongo/map.go:146.3,148.3 1 0
ocean/mongo/map.go:153.74,154.18 1 0
ocean/mongo/map.go:159.2,160.35 2 0
ocean/mongo/map.go:163.2,163.40 1 0
ocean/mongo/map.go:167.2,168.35 2 0
ocean/mongo/map.go:171.2,171.18 1 0
ocean/mongo/map.go:154.18,156.3 1 0
ocean/mongo/map.go:160.35,162.3 1 0
ocean/mongo/map.go:163.40,165.3 1 0
ocean/mongo/map.go:168.35,170.3 1 0
